<?xml version="1.0" encoding="UTF-8"?>
<testsuite name="IntegrationTest" tests="3" skipped="0" failures="0" errors="0" timestamp="2016-04-22T23:59:52" hostname="Thes-iMac.local" time="0.39">
  <properties/>
  <testcase name="rootTest" classname="IntegrationTest" time="0.295"/>
  <testcase name="resultsTest_HomePageFormValidation_ReturnsHyphentedSentence" classname="IntegrationTest" time="0.068"/>
  <testcase name="returnTest_resultsPage_containsLinkToHomePage" classname="IntegrationTest" time="0.018"/>
  <system-out><![CDATA[]]></system-out>
  <system-err><![CDATA[[Thread-4] INFO org.eclipse.jetty.util.log - Logging initialized @590ms
[Thread-4] INFO spark.webserver.JettySparkServer - == Spark has ignited ...
[Thread-4] INFO spark.webserver.JettySparkServer - >> Listening on 0.0.0.0:4567
[Thread-4] INFO org.eclipse.jetty.server.Server - jetty-9.3.2.v20150730
[Thread-4] INFO org.eclipse.jetty.server.ServerConnector - Started ServerConnector@23d40b32{HTTP/1.1,[http/1.1]}{0.0.0.0:4567}
[Thread-4] INFO org.eclipse.jetty.server.Server - Started @677ms
[Test worker] INFO spark.webserver.JettySparkServer - >>> Spark shutting down ...
[Test worker] INFO org.eclipse.jetty.server.ServerConnector - Stopped ServerConnector@23d40b32{HTTP/1.1,[http/1.1]}{0.0.0.0:4567}
[Test worker] INFO spark.webserver.JettySparkServer - done
]]></system-err>
</testsuite>
